c:\users\qkrxo\onedrive\바탕 화면\공대생 박태윤\2021-2학기\고오급소프트웨어실습\6주차\project6_\debug\vc142.pdb
c:\users\qkrxo\onedrive\바탕 화면\공대생 박태윤\2021-2학기\고오급소프트웨어실습\6주차\project6_\debug\vc142.idb
c:\users\qkrxo\onedrive\바탕 화면\공대생 박태윤\2021-2학기\고오급소프트웨어실습\6주차\project6_\debug\program3_1.obj
c:\users\qkrxo\onedrive\바탕 화면\공대생 박태윤\2021-2학기\고오급소프트웨어실습\6주차\project6_\debug\practice3_8.obj
c:\users\qkrxo\onedrive\바탕 화면\공대생 박태윤\2021-2학기\고오급소프트웨어실습\6주차\project6_\debug\practice3_7.obj
c:\users\qkrxo\onedrive\바탕 화면\공대생 박태윤\2021-2학기\고오급소프트웨어실습\6주차\project6_\debug\practice3_6.obj
c:\users\qkrxo\onedrive\바탕 화면\공대생 박태윤\2021-2학기\고오급소프트웨어실습\6주차\project6_\debug\practice3_5.obj
c:\users\qkrxo\onedrive\바탕 화면\공대생 박태윤\2021-2학기\고오급소프트웨어실습\6주차\project6_\debug\practice3_4.obj
c:\users\qkrxo\onedrive\바탕 화면\공대생 박태윤\2021-2학기\고오급소프트웨어실습\6주차\project6_\debug\practice3_3.obj
c:\users\qkrxo\onedrive\바탕 화면\공대생 박태윤\2021-2학기\고오급소프트웨어실습\6주차\project6_\debug\practice3_2.obj
c:\users\qkrxo\onedrive\바탕 화면\공대생 박태윤\2021-2학기\고오급소프트웨어실습\6주차\project6_\debug\practice3_1.obj
c:\users\qkrxo\onedrive\바탕 화면\공대생 박태윤\2021-2학기\고오급소프트웨어실습\6주차\project6_\debug\main.obj
c:\users\qkrxo\onedrive\바탕 화면\공대생 박태윤\2021-2학기\고오급소프트웨어실습\6주차\project6_\debug\program3_2.obj
c:\users\qkrxo\onedrive\바탕 화면\공대생 박태윤\2021-2학기\고오급소프트웨어실습\6주차\project6_\debug\program3_3.obj
c:\users\qkrxo\onedrive\바탕 화면\공대생 박태윤\2021-2학기\고오급소프트웨어실습\6주차\project6_\debug\program3_4.obj
c:\users\qkrxo\onedrive\바탕 화면\공대생 박태윤\2021-2학기\고오급소프트웨어실습\6주차\project6_\debug\project6.exe
c:\users\qkrxo\onedrive\바탕 화면\공대생 박태윤\2021-2학기\고오급소프트웨어실습\6주차\project6_\debug\project6.ilk
c:\users\qkrxo\onedrive\바탕 화면\공대생 박태윤\2021-2학기\고오급소프트웨어실습\6주차\project6_\debug\project6.pdb
c:\users\qkrxo\onedrive\바탕 화면\공대생 박태윤\2021-2학기\고오급소프트웨어실습\6주차\project6_\debug\project6.tlog\cl.command.1.tlog
c:\users\qkrxo\onedrive\바탕 화면\공대생 박태윤\2021-2학기\고오급소프트웨어실습\6주차\project6_\debug\project6.tlog\cl.read.1.tlog
c:\users\qkrxo\onedrive\바탕 화면\공대생 박태윤\2021-2학기\고오급소프트웨어실습\6주차\project6_\debug\project6.tlog\cl.write.1.tlog
c:\users\qkrxo\onedrive\바탕 화면\공대생 박태윤\2021-2학기\고오급소프트웨어실습\6주차\project6_\debug\project6.tlog\link.command.1.tlog
c:\users\qkrxo\onedrive\바탕 화면\공대생 박태윤\2021-2학기\고오급소프트웨어실습\6주차\project6_\debug\project6.tlog\link.read.1.tlog
c:\users\qkrxo\onedrive\바탕 화면\공대생 박태윤\2021-2학기\고오급소프트웨어실습\6주차\project6_\debug\project6.tlog\link.write.1.tlog
